<?xml version="1.0" encoding="UTF-8"?>
<!-- Generated by org.testng.reporters.JUnitReportReporter -->
<testsuite name="com.webmail.tests.LoginFlow" tests="1" time="0.875" ignored="0" failures="0" timestamp="20 Mar 2019 04:19:23 GMT" skipped="0" hostname="hydws72702" errors="0">
  <testcase name="loginFlow" time="0.875" classname="com.webmail.tests.LoginFlow"/>
</testsuite> <!-- com.webmail.tests.LoginFlow -->
